1773174041.113746 client started (9778): version 3.6a, socket /private/tmp/tmux-501/default, protocol 8
1773174041.113793 on Darwin 25.3.0 Darwin Kernel Version 25.3.0: Wed Jan 28 20:56:42 PST 2026; root:xnu-12377.91.3~2/RELEASE_ARM64_T8142
1773174041.113802 using libevent 2.1.12-stable select
1773174041.113824 using utf8proc 2.11.3
1773174041.113832 using ncurses 6.5 20240427
1773174041.113847 flags are 0x18010000
1773174041.113854 socket is /private/tmp/tmux-501/default
1773174041.113867 trying connect
1773174041.113884 connect failed: No such file or directory
1773174041.113897 lock file is /private/tmp/tmux-501/default.lock
1773174041.113974 flock succeeded
1773174041.113981 got lock (6)
1773174041.113989 trying connect
1773174041.113999 connect failed: No such file or directory
1773174041.114478 add peer 0x102b5d720: 7 (0x0)
1773174041.116460 sending message 111 to peer 0x102b5d720 (8 bytes)
1773174041.116474 sending message 111 to peer 0x102b5d720 (8 bytes)
1773174041.116482 sending message 101 to peer 0x102b5d720 (15 bytes)
1773174041.116494 sending message 109 to peer 0x102b5d720 (4 bytes)
1773174041.116501 sending message 102 to peer 0x102b5d720 (13 bytes)
1773174041.116507 sending message 108 to peer 0x102b5d720 (61 bytes)
1773174041.116514 sending message 112 to peer 0x102b5d720 (58 bytes)
1773174041.116520 sending message 112 to peer 0x102b5d720 (5 bytes)
1773174041.116529 sending message 112 to peer 0x102b5d720 (5 bytes)
1773174041.116536 sending message 112 to peer 0x102b5d720 (6 bytes)
1773174041.116543 sending message 112 to peer 0x102b5d720 (6 bytes)
1773174041.116549 sending message 112 to peer 0x102b5d720 (11 bytes)
1773174041.116555 sending message 112 to peer 0x102b5d720 (10 bytes)
1773174041.116561 sending message 112 to peer 0x102b5d720 (13 bytes)
1773174041.116567 sending message 112 to peer 0x102b5d720 (14 bytes)
1773174041.116573 sending message 112 to peer 0x102b5d720 (19 bytes)
1773174041.116579 sending message 112 to peer 0x102b5d720 (11 bytes)
1773174041.116585 sending message 112 to peer 0x102b5d720 (10 bytes)
1773174041.116592 sending message 112 to peer 0x102b5d720 (15 bytes)
1773174041.116598 sending message 112 to peer 0x102b5d720 (21 bytes)
1773174041.116604 sending message 112 to peer 0x102b5d720 (13 bytes)
1773174041.116610 sending message 112 to peer 0x102b5d720 (7 bytes)
1773174041.116616 sending message 112 to peer 0x102b5d720 (13 bytes)
1773174041.116622 sending message 112 to peer 0x102b5d720 (7 bytes)
1773174041.116628 sending message 112 to peer 0x102b5d720 (13 bytes)
1773174041.116634 sending message 112 to peer 0x102b5d720 (9 bytes)
1773174041.116641 sending message 112 to peer 0x102b5d720 (21 bytes)
1773174041.116647 sending message 112 to peer 0x102b5d720 (13 bytes)
1773174041.116653 sending message 112 to peer 0x102b5d720 (9 bytes)
1773174041.116660 sending message 112 to peer 0x102b5d720 (16 bytes)
1773174041.116666 sending message 112 to peer 0x102b5d720 (13 bytes)
1773174041.116673 sending message 112 to peer 0x102b5d720 (9 bytes)
1773174041.116678 sending message 112 to peer 0x102b5d720 (9 bytes)
1773174041.116685 sending message 112 to peer 0x102b5d720 (12 bytes)
1773174041.116691 sending message 112 to peer 0x102b5d720 (8 bytes)
1773174041.116697 sending message 112 to peer 0x102b5d720 (8 bytes)
1773174041.116703 sending message 112 to peer 0x102b5d720 (13 bytes)
1773174041.116710 sending message 112 to peer 0x102b5d720 (7 bytes)
1773174041.116716 sending message 112 to peer 0x102b5d720 (7 bytes)
1773174041.116722 sending message 112 to peer 0x102b5d720 (9 bytes)
1773174041.116728 sending message 112 to peer 0x102b5d720 (9 bytes)
1773174041.116735 sending message 112 to peer 0x102b5d720 (15 bytes)
1773174041.116742 sending message 112 to peer 0x102b5d720 (13 bytes)
1773174041.116748 sending message 112 to peer 0x102b5d720 (12 bytes)
1773174041.116754 sending message 112 to peer 0x102b5d720 (8 bytes)
1773174041.116760 sending message 112 to peer 0x102b5d720 (14 bytes)
1773174041.116766 sending message 112 to peer 0x102b5d720 (11 bytes)
1773174041.116772 sending message 112 to peer 0x102b5d720 (9 bytes)
1773174041.116785 sending message 112 to peer 0x102b5d720 (10 bytes)
1773174041.116791 sending message 112 to peer 0x102b5d720 (10 bytes)
1773174041.116796 sending message 112 to peer 0x102b5d720 (10 bytes)
1773174041.116801 sending message 112 to peer 0x102b5d720 (10 bytes)
1773174041.116807 sending message 112 to peer 0x102b5d720 (11 bytes)
1773174041.116812 sending message 112 to peer 0x102b5d720 (12 bytes)
1773174041.116816 sending message 112 to peer 0x102b5d720 (12 bytes)
1773174041.116821 sending message 112 to peer 0x102b5d720 (12 bytes)
1773174041.116826 sending message 112 to peer 0x102b5d720 (12 bytes)
1773174041.116830 sending message 112 to peer 0x102b5d720 (12 bytes)
1773174041.116835 sending message 112 to peer 0x102b5d720 (11 bytes)
1773174041.116839 sending message 112 to peer 0x102b5d720 (11 bytes)
1773174041.116843 sending message 112 to peer 0x102b5d720 (12 bytes)
1773174041.116848 sending message 112 to peer 0x102b5d720 (12 bytes)
1773174041.116853 sending message 112 to peer 0x102b5d720 (12 bytes)
1773174041.116858 sending message 112 to peer 0x102b5d720 (12 bytes)
1773174041.116863 sending message 112 to peer 0x102b5d720 (12 bytes)
1773174041.116868 sending message 112 to peer 0x102b5d720 (9 bytes)
1773174041.116873 sending message 112 to peer 0x102b5d720 (12 bytes)
1773174041.116877 sending message 112 to peer 0x102b5d720 (13 bytes)
1773174041.116883 sending message 112 to peer 0x102b5d720 (13 bytes)
1773174041.116888 sending message 112 to peer 0x102b5d720 (13 bytes)
1773174041.116894 sending message 112 to peer 0x102b5d720 (13 bytes)
1773174041.116899 sending message 112 to peer 0x102b5d720 (13 bytes)
1773174041.116904 sending message 112 to peer 0x102b5d720 (8 bytes)
1773174041.116909 sending message 112 to peer 0x102b5d720 (11 bytes)
1773174041.116914 sending message 112 to peer 0x102b5d720 (11 bytes)
1773174041.116919 sending message 112 to peer 0x102b5d720 (11 bytes)
1773174041.116924 sending message 112 to peer 0x102b5d720 (12 bytes)
1773174041.116929 sending message 112 to peer 0x102b5d720 (12 bytes)
1773174041.116934 sending message 112 to peer 0x102b5d720 (12 bytes)
1773174041.116939 sending message 112 to peer 0x102b5d720 (12 bytes)
1773174041.116944 sending message 112 to peer 0x102b5d720 (13 bytes)
1773174041.116948 sending message 112 to peer 0x102b5d720 (13 bytes)
1773174041.116953 sending message 112 to peer 0x102b5d720 (13 bytes)
1773174041.116957 sending message 112 to peer 0x102b5d720 (8 bytes)
1773174041.116963 sending message 112 to peer 0x102b5d720 (13 bytes)
1773174041.116969 sending message 112 to peer 0x102b5d720 (13 bytes)
1773174041.116974 sending message 112 to peer 0x102b5d720 (13 bytes)
1773174041.116980 sending message 112 to peer 0x102b5d720 (13 bytes)
1773174041.116985 sending message 112 to peer 0x102b5d720 (13 bytes)
1773174041.116990 sending message 112 to peer 0x102b5d720 (12 bytes)
1773174041.116996 sending message 112 to peer 0x102b5d720 (12 bytes)
1773174041.117001 sending message 112 to peer 0x102b5d720 (12 bytes)
1773174041.117006 sending message 112 to peer 0x102b5d720 (12 bytes)
1773174041.117010 sending message 112 to peer 0x102b5d720 (13 bytes)
1773174041.117016 sending message 112 to peer 0x102b5d720 (8 bytes)
1773174041.117020 sending message 112 to peer 0x102b5d720 (13 bytes)
1773174041.117025 sending message 112 to peer 0x102b5d720 (13 bytes)
1773174041.117029 sending message 112 to peer 0x102b5d720 (13 bytes)
1773174041.117034 sending message 112 to peer 0x102b5d720 (13 bytes)
1773174041.117039 sending message 112 to peer 0x102b5d720 (13 bytes)
1773174041.117044 sending message 112 to peer 0x102b5d720 (13 bytes)
1773174041.117049 sending message 112 to peer 0x102b5d720 (13 bytes)
1773174041.117054 sending message 112 to peer 0x102b5d720 (12 bytes)
1773174041.117059 sending message 112 to peer 0x102b5d720 (12 bytes)
1773174041.117064 sending message 112 to peer 0x102b5d720 (12 bytes)
1773174041.117069 sending message 112 to peer 0x102b5d720 (8 bytes)
1773174041.117074 sending message 112 to peer 0x102b5d720 (12 bytes)
1773174041.117083 sending message 112 to peer 0x102b5d720 (13 bytes)
1773174041.117089 sending message 112 to peer 0x102b5d720 (13 bytes)
1773174041.117094 sending message 112 to peer 0x102b5d720 (13 bytes)
1773174041.117099 sending message 112 to peer 0x102b5d720 (13 bytes)
1773174041.117104 sending message 112 to peer 0x102b5d720 (13 bytes)
1773174041.117109 sending message 112 to peer 0x102b5d720 (13 bytes)
1773174041.117114 sending message 112 to peer 0x102b5d720 (13 bytes)
1773174041.117119 sending message 112 to peer 0x102b5d720 (13 bytes)
1773174041.117125 sending message 112 to peer 0x102b5d720 (12 bytes)
1773174041.117130 sending message 112 to peer 0x102b5d720 (10 bytes)
1773174041.117136 sending message 112 to peer 0x102b5d720 (12 bytes)
1773174041.117141 sending message 112 to peer 0x102b5d720 (12 bytes)
1773174041.117147 sending message 112 to peer 0x102b5d720 (12 bytes)
1773174041.117152 sending message 112 to peer 0x102b5d720 (13 bytes)
1773174041.117157 sending message 112 to peer 0x102b5d720 (13 bytes)
1773174041.117162 sending message 112 to peer 0x102b5d720 (13 bytes)
1773174041.117167 sending message 112 to peer 0x102b5d720 (13 bytes)
1773174041.117172 sending message 112 to peer 0x102b5d720 (13 bytes)
1773174041.117177 sending message 112 to peer 0x102b5d720 (13 bytes)
1773174041.117183 sending message 112 to peer 0x102b5d720 (13 bytes)
1773174041.117188 sending message 112 to peer 0x102b5d720 (10 bytes)
1773174041.117194 sending message 112 to peer 0x102b5d720 (13 bytes)
1773174041.117199 sending message 112 to peer 0x102b5d720 (12 bytes)
1773174041.117204 sending message 112 to peer 0x102b5d720 (12 bytes)
1773174041.117209 sending message 112 to peer 0x102b5d720 (12 bytes)
1773174041.117215 sending message 112 to peer 0x102b5d720 (10 bytes)
1773174041.117221 sending message 112 to peer 0x102b5d720 (10 bytes)
1773174041.117226 sending message 112 to peer 0x102b5d720 (10 bytes)
1773174041.117231 sending message 112 to peer 0x102b5d720 (12 bytes)
1773174041.117236 sending message 112 to peer 0x102b5d720 (13 bytes)
1773174041.117242 sending message 112 to peer 0x102b5d720 (13 bytes)
1773174041.117247 sending message 112 to peer 0x102b5d720 (13 bytes)
1773174041.117252 sending message 112 to peer 0x102b5d720 (13 bytes)
1773174041.117257 sending message 112 to peer 0x102b5d720 (13 bytes)
1773174041.117262 sending message 112 to peer 0x102b5d720 (10 bytes)
1773174041.117268 sending message 112 to peer 0x102b5d720 (11 bytes)
1773174041.117273 sending message 112 to peer 0x102b5d720 (12 bytes)
1773174041.117278 sending message 112 to peer 0x102b5d720 (12 bytes)
1773174041.117282 sending message 112 to peer 0x102b5d720 (12 bytes)
1773174041.117287 sending message 112 to peer 0x102b5d720 (12 bytes)
1773174041.117292 sending message 112 to peer 0x102b5d720 (12 bytes)
1773174041.117297 sending message 112 to peer 0x102b5d720 (11 bytes)
1773174041.117302 sending message 112 to peer 0x102b5d720 (12 bytes)
1773174041.117307 sending message 112 to peer 0x102b5d720 (12 bytes)
1773174041.117312 sending message 112 to peer 0x102b5d720 (13 bytes)
1773174041.117317 sending message 112 to peer 0x102b5d720 (13 bytes)
1773174041.117322 sending message 112 to peer 0x102b5d720 (13 bytes)
1773174041.117327 sending message 112 to peer 0x102b5d720 (13 bytes)
1773174041.117332 sending message 112 to peer 0x102b5d720 (13 bytes)
1773174041.117336 sending message 112 to peer 0x102b5d720 (10 bytes)
1773174041.117342 sending message 112 to peer 0x102b5d720 (9 bytes)
1773174041.117347 sending message 112 to peer 0x102b5d720 (12 bytes)
1773174041.117352 sending message 112 to peer 0x102b5d720 (13 bytes)
1773174041.117356 sending message 112 to peer 0x102b5d720 (13 bytes)
1773174041.117362 sending message 112 to peer 0x102b5d720 (13 bytes)
1773174041.117367 sending message 112 to peer 0x102b5d720 (13 bytes)
1773174041.117372 sending message 112 to peer 0x102b5d720 (13 bytes)
1773174041.117377 sending message 112 to peer 0x102b5d720 (9 bytes)
1773174041.117382 sending message 112 to peer 0x102b5d720 (12 bytes)
1773174041.117387 sending message 112 to peer 0x102b5d720 (13 bytes)
1773174041.117396 sending message 112 to peer 0x102b5d720 (13 bytes)
1773174041.117401 sending message 112 to peer 0x102b5d720 (13 bytes)
1773174041.117406 sending message 112 to peer 0x102b5d720 (13 bytes)
1773174041.117411 sending message 112 to peer 0x102b5d720 (13 bytes)
1773174041.117416 sending message 112 to peer 0x102b5d720 (11 bytes)
1773174041.117421 sending message 112 to peer 0x102b5d720 (12 bytes)
1773174041.117426 sending message 112 to peer 0x102b5d720 (13 bytes)
1773174041.117432 sending message 112 to peer 0x102b5d720 (13 bytes)
1773174041.117437 sending message 112 to peer 0x102b5d720 (13 bytes)
1773174041.117442 sending message 112 to peer 0x102b5d720 (13 bytes)
1773174041.117447 sending message 112 to peer 0x102b5d720 (13 bytes)
1773174041.117452 sending message 112 to peer 0x102b5d720 (11 bytes)
1773174041.117457 sending message 112 to peer 0x102b5d720 (12 bytes)
1773174041.117462 sending message 112 to peer 0x102b5d720 (12 bytes)
1773174041.117468 sending message 112 to peer 0x102b5d720 (12 bytes)
1773174041.117472 sending message 112 to peer 0x102b5d720 (12 bytes)
1773174041.117477 sending message 112 to peer 0x102b5d720 (12 bytes)
1773174041.117482 sending message 112 to peer 0x102b5d720 (21 bytes)
1773174041.117487 sending message 112 to peer 0x102b5d720 (12 bytes)
1773174041.117493 sending message 112 to peer 0x102b5d720 (9 bytes)
1773174041.117498 sending message 112 to peer 0x102b5d720 (6 bytes)
1773174041.117503 sending message 112 to peer 0x102b5d720 (13 bytes)
1773174041.117508 sending message 112 to peer 0x102b5d720 (10 bytes)
1773174041.117512 sending message 112 to peer 0x102b5d720 (24 bytes)
1773174041.117517 sending message 112 to peer 0x102b5d720 (13 bytes)
1773174041.117522 sending message 112 to peer 0x102b5d720 (9 bytes)
1773174041.117527 sending message 112 to peer 0x102b5d720 (70 bytes)
1773174041.117532 sending message 112 to peer 0x102b5d720 (69 bytes)
1773174041.117538 sending message 112 to peer 0x102b5d720 (12 bytes)
1773174041.117544 sending message 112 to peer 0x102b5d720 (10 bytes)
1773174041.117549 sending message 112 to peer 0x102b5d720 (10 bytes)
1773174041.117554 sending message 112 to peer 0x102b5d720 (24 bytes)
1773174041.117559 sending message 112 to peer 0x102b5d720 (13 bytes)
1773174041.117565 sending message 112 to peer 0x102b5d720 (10 bytes)
1773174041.117570 sending message 112 to peer 0x102b5d720 (10 bytes)
1773174041.117575 sending message 112 to peer 0x102b5d720 (10 bytes)
1773174041.117580 sending message 112 to peer 0x102b5d720 (13 bytes)
1773174041.117585 sending message 112 to peer 0x102b5d720 (15 bytes)
1773174041.117590 sending message 112 to peer 0x102b5d720 (5 bytes)
1773174041.117597 sending message 104 to peer 0x102b5d720 (0 bytes)
1773174041.117603 sending message 110 to peer 0x102b5d720 (0 bytes)
1773174041.117608 sending message 107 to peer 0x102b5d720 (4 bytes)
1773174041.117613 sending message 105 to peer 0x102b5d720 (28 bytes)
1773174041.117619 sending message 105 to peer 0x102b5d720 (15 bytes)
1773174041.117624 sending message 105 to peer 0x102b5d720 (20 bytes)
1773174041.117629 sending message 105 to peer 0x102b5d720 (57 bytes)
1773174041.117634 sending message 105 to peer 0x102b5d720 (25 bytes)
1773174041.117639 sending message 105 to peer 0x102b5d720 (53 bytes)
1773174041.117645 sending message 105 to peer 0x102b5d720 (18 bytes)
1773174041.117650 sending message 105 to peer 0x102b5d720 (66 bytes)
1773174041.117656 sending message 105 to peer 0x102b5d720 (365 bytes)
1773174041.117661 sending message 105 to peer 0x102b5d720 (54 bytes)
1773174041.117666 sending message 105 to peer 0x102b5d720 (40 bytes)
1773174041.117671 sending message 105 to peer 0x102b5d720 (65 bytes)
1773174041.117676 sending message 105 to peer 0x102b5d720 (14 bytes)
1773174041.117681 sending message 105 to peer 0x102b5d720 (19 bytes)
1773174041.117686 sending message 105 to peer 0x102b5d720 (8 bytes)
1773174041.117692 sending message 105 to peer 0x102b5d720 (25 bytes)
1773174041.117697 sending message 105 to peer 0x102b5d720 (21 bytes)
1773174041.117708 sending message 105 to peer 0x102b5d720 (18 bytes)
1773174041.117713 sending message 105 to peer 0x102b5d720 (24 bytes)
1773174041.117718 sending message 105 to peer 0x102b5d720 (20 bytes)
1773174041.117724 sending message 105 to peer 0x102b5d720 (68 bytes)
1773174041.117729 sending message 105 to peer 0x102b5d720 (30 bytes)
1773174041.117735 sending message 105 to peer 0x102b5d720 (37 bytes)
1773174041.117740 sending message 105 to peer 0x102b5d720 (34 bytes)
1773174041.117746 sending message 105 to peer 0x102b5d720 (35 bytes)
1773174041.117751 sending message 105 to peer 0x102b5d720 (17 bytes)
1773174041.117755 sending message 105 to peer 0x102b5d720 (25 bytes)
1773174041.117761 sending message 106 to peer 0x102b5d720 (0 bytes)
1773174041.117815 sending message 200 to peer 0x102b5d720 (4 bytes)
1773174041.117821 client loop enter
1773174041.117844 client_signal: Child exited: 20
1773174041.170443 peer 0x102b5d720 message 207
1773174041.170452 sending message 208 to peer 0x102b5d720 (0 bytes)
1773174402.490444 client_signal: Window size changes: 28
1773174402.490505 sending message 208 to peer 0x102b5d720 (0 bytes)
1773174402.493853 client_signal: Window size changes: 28
1773174402.493861 sending message 208 to peer 0x102b5d720 (0 bytes)
1773174410.379462 client_signal: Window size changes: 28
1773174410.379497 sending message 208 to peer 0x102b5d720 (0 bytes)
1773174410.383240 client_signal: Window size changes: 28
1773174410.383248 sending message 208 to peer 0x102b5d720 (0 bytes)
1773174498.214256 client_signal: Window size changes: 28
1773174498.214320 sending message 208 to peer 0x102b5d720 (0 bytes)
